<?xml version="1.0" encoding="UTF-8"?>
<!-- Generated by org.testng.reporters.JUnitXMLReporter -->
<testsuite ignored="9" hostname="DEV-NANO1" failures="1" tests="1" name="Default test" time="82.902" errors="0" timestamp="2022-05-12T00:08:48 GST">
  <testcase classname="com.check24.selenium.tests.Check24_TestsSuites" name="Check24_TestCases_10" time="82.848">
    <failure type="java.lang.AssertionError" message="null">
      <![CDATA[java.lang.AssertionError: null
at org.testng.Assert.fail(Assert.java:99)
at org.testng.Assert.fail(Assert.java:106)
at com.check24.selenium.utils.Utilities.TakeScreenshot(Utilities.java:608)
at com.check24.selenium.tests.Check24_TestsSuites.Check24_TestCases_10(Check24_TestsSuites.java:342)
at java.base/jdk.internal.reflect.NativeMethodAccessorImpl.invoke0(Native Method)
at java.base/jdk.internal.reflect.NativeMethodAccessorImpl.invoke(NativeMethodAccessorImpl.java:78)
at java.base/jdk.internal.reflect.DelegatingMethodAccessorImpl.invoke(DelegatingMethodAccessorImpl.java:43)
at java.base/java.lang.reflect.Method.invoke(Method.java:567)
at org.testng.internal.MethodInvocationHelper.invokeMethod(MethodInvocationHelper.java:133)
at org.testng.internal.TestInvoker.invokeMethod(TestInvoker.java:598)
at org.testng.internal.TestInvoker.invokeTestMethod(TestInvoker.java:173)
at org.testng.internal.MethodRunner.runInSequence(MethodRunner.java:46)
at org.testng.internal.TestInvoker$MethodInvocationAgent.invoke(TestInvoker.java:824)
at org.testng.internal.TestInvoker.invokeTestMethods(TestInvoker.java:146)
at org.testng.internal.TestMethodWorker.invokeTestMethods(TestMethodWorker.java:146)
at org.testng.internal.TestMethodWorker.run(TestMethodWorker.java:128)
at java.base/java.util.ArrayList.forEach(ArrayList.java:1511)
at org.testng.TestRunner.privateRun(TestRunner.java:794)
at org.testng.TestRunner.run(TestRunner.java:596)
at org.testng.SuiteRunner.runTest(SuiteRunner.java:377)
at org.testng.SuiteRunner.runSequentially(SuiteRunner.java:371)
at org.testng.SuiteRunner.privateRun(SuiteRunner.java:332)
at org.testng.SuiteRunner.run(SuiteRunner.java:276)
at org.testng.SuiteRunnerWorker.runSuite(SuiteRunnerWorker.java:53)
at org.testng.SuiteRunnerWorker.run(SuiteRunnerWorker.java:96)
at org.testng.TestNG.runSuitesSequentially(TestNG.java:1212)
at org.testng.TestNG.runSuitesLocally(TestNG.java:1134)
at org.testng.TestNG.runSuites(TestNG.java:1063)
at org.testng.TestNG.run(TestNG.java:1031)
at org.testng.remote.AbstractRemoteTestNG.run(AbstractRemoteTestNG.java:115)
at org.testng.remote.RemoteTestNG.initAndRun(RemoteTestNG.java:251)
at org.testng.remote.RemoteTestNG.main(RemoteTestNG.java:77)
]]>
    </failure>
  </testcase> <!-- Check24_TestCases_10 -->
  <testcase classname="com.check24.selenium.tests.Check24_TestsSuites" name="Check24_TestCases_2" time="0.0">
    <ignored/>
  </testcase> <!-- Check24_TestCases_2 -->
  <testcase classname="com.check24.selenium.tests.Check24_TestsSuites" name="Check24_TestCases_6" time="0.0">
    <ignored/>
  </testcase> <!-- Check24_TestCases_6 -->
  <testcase classname="com.check24.selenium.tests.Check24_TestsSuites" name="Check24_TestCases_1" time="0.0">
    <ignored/>
  </testcase> <!-- Check24_TestCases_1 -->
  <testcase classname="com.check24.selenium.tests.Check24_TestsSuites" name="Check24_TestCases_3" time="0.0">
    <ignored/>
  </testcase> <!-- Check24_TestCases_3 -->
  <testcase classname="com.check24.selenium.tests.Check24_TestsSuites" name="Check24_TestCases_4" time="0.0">
    <ignored/>
  </testcase> <!-- Check24_TestCases_4 -->
  <testcase classname="com.check24.selenium.tests.Check24_TestsSuites" name="Check24_TestCases_5" time="0.0">
    <ignored/>
  </testcase> <!-- Check24_TestCases_5 -->
  <testcase classname="com.check24.selenium.tests.Check24_TestsSuites" name="Check24_TestCases_7" time="0.0">
    <ignored/>
  </testcase> <!-- Check24_TestCases_7 -->
  <testcase classname="com.check24.selenium.tests.Check24_TestsSuites" name="Check24_TestCases_8" time="0.0">
    <ignored/>
  </testcase> <!-- Check24_TestCases_8 -->
  <testcase classname="com.check24.selenium.tests.Check24_TestsSuites" name="Check24_TestCases_9" time="0.0">
    <ignored/>
  </testcase> <!-- Check24_TestCases_9 -->
</testsuite> <!-- Default test -->
