<?xml version="1.0" encoding="UTF-8"?>
<testng-results ignored="0" total="10" passed="8" failed="2" skipped="0">
  <reporter-output>
  </reporter-output>
  <suite started-at="2022-05-12T00:15:41 GST" name="Check24Suite" finished-at="2022-05-12T00:21:45 GST" duration-ms="363975">
    <groups>
      <group name="Check24-Regression-TestCases">
        <method signature="Check24_TestsSuites.Check24_TestCases_1()[pri:1, instance:com.check24.selenium.tests.Check24_TestsSuites@3646a422]" name="Check24_TestCases_1" class="com.check24.selenium.tests.Check24_TestsSuites"/>
        <method signature="Check24_TestsSuites.Check24_TestCases_10()[pri:10, instance:com.check24.selenium.tests.Check24_TestsSuites@3646a422]" name="Check24_TestCases_10" class="com.check24.selenium.tests.Check24_TestsSuites"/>
        <method signature="Check24_TestsSuites.Check24_TestCases_2()[pri:2, instance:com.check24.selenium.tests.Check24_TestsSuites@3646a422]" name="Check24_TestCases_2" class="com.check24.selenium.tests.Check24_TestsSuites"/>
        <method signature="Check24_TestsSuites.Check24_TestCases_3()[pri:3, instance:com.check24.selenium.tests.Check24_TestsSuites@3646a422]" name="Check24_TestCases_3" class="com.check24.selenium.tests.Check24_TestsSuites"/>
        <method signature="Check24_TestsSuites.Check24_TestCases_4()[pri:4, instance:com.check24.selenium.tests.Check24_TestsSuites@3646a422]" name="Check24_TestCases_4" class="com.check24.selenium.tests.Check24_TestsSuites"/>
        <method signature="Check24_TestsSuites.Check24_TestCases_5()[pri:5, instance:com.check24.selenium.tests.Check24_TestsSuites@3646a422]" name="Check24_TestCases_5" class="com.check24.selenium.tests.Check24_TestsSuites"/>
        <method signature="Check24_TestsSuites.Check24_TestCases_6()[pri:6, instance:com.check24.selenium.tests.Check24_TestsSuites@3646a422]" name="Check24_TestCases_6" class="com.check24.selenium.tests.Check24_TestsSuites"/>
        <method signature="Check24_TestsSuites.Check24_TestCases_7()[pri:7, instance:com.check24.selenium.tests.Check24_TestsSuites@3646a422]" name="Check24_TestCases_7" class="com.check24.selenium.tests.Check24_TestsSuites"/>
        <method signature="Check24_TestsSuites.Check24_TestCases_8()[pri:8, instance:com.check24.selenium.tests.Check24_TestsSuites@3646a422]" name="Check24_TestCases_8" class="com.check24.selenium.tests.Check24_TestsSuites"/>
        <method signature="Check24_TestsSuites.Check24_TestCases_9()[pri:9, instance:com.check24.selenium.tests.Check24_TestsSuites@3646a422]" name="Check24_TestCases_9" class="com.check24.selenium.tests.Check24_TestsSuites"/>
      </group> <!-- Check24-Regression-TestCases -->
    </groups>
    <test started-at="2022-05-12T00:15:41 GST" name="Check24Test" finished-at="2022-05-12T00:21:45 GST" duration-ms="363975">
      <class name="com.check24.selenium.tests.Check24_TestsSuites">
        <test-method is-config="true" signature="BeforeSuite()[pri:0, instance:com.check24.selenium.tests.Check24_TestsSuites@3646a422]" started-at="2022-05-12T00:15:40 GST" name="BeforeSuite" finished-at="2022-05-12T00:15:41 GST" duration-ms="584" status="PASS">
          <reporter-output>
          </reporter-output>
        </test-method> <!-- BeforeSuite -->
        <test-method signature="Check24_TestCases_1()[pri:1, instance:com.check24.selenium.tests.Check24_TestsSuites@3646a422]" started-at="2022-05-12T00:15:41 GST" name="Check24_TestCases_1" finished-at="2022-05-12T00:16:18 GST" duration-ms="36905" status="PASS">
          <reporter-output>
          </reporter-output>
        </test-method> <!-- Check24_TestCases_1 -->
        <test-method is-config="true" signature="beforeTestMethod(java.lang.reflect.Method)[pri:0, instance:com.check24.selenium.tests.Check24_TestsSuites@3646a422]" started-at="2022-05-12T00:16:18 GST" name="beforeTestMethod" finished-at="2022-05-12T00:16:18 GST" duration-ms="3" status="PASS">
          <params>
            <param index="0">
              <value>
                <![CDATA[public static void com.check24.selenium.tests.Check24_TestsSuites.Check24_TestCases_1() throws java.lang.Exception]]>
              </value>
            </param>
          </params>
          <reporter-output>
          </reporter-output>
        </test-method> <!-- beforeTestMethod -->
        <test-method signature="Check24_TestCases_2()[pri:2, instance:com.check24.selenium.tests.Check24_TestsSuites@3646a422]" started-at="2022-05-12T00:16:18 GST" name="Check24_TestCases_2" finished-at="2022-05-12T00:16:52 GST" duration-ms="34573" status="PASS">
          <reporter-output>
          </reporter-output>
        </test-method> <!-- Check24_TestCases_2 -->
        <test-method is-config="true" signature="beforeTestMethod(java.lang.reflect.Method)[pri:0, instance:com.check24.selenium.tests.Check24_TestsSuites@3646a422]" started-at="2022-05-12T00:16:52 GST" name="beforeTestMethod" finished-at="2022-05-12T00:16:52 GST" duration-ms="1" status="PASS">
          <params>
            <param index="0">
              <value>
                <![CDATA[public static void com.check24.selenium.tests.Check24_TestsSuites.Check24_TestCases_2() throws java.lang.Exception]]>
              </value>
            </param>
          </params>
          <reporter-output>
          </reporter-output>
        </test-method> <!-- beforeTestMethod -->
        <test-method signature="Check24_TestCases_3()[pri:3, instance:com.check24.selenium.tests.Check24_TestsSuites@3646a422]" started-at="2022-05-12T00:16:52 GST" name="Check24_TestCases_3" finished-at="2022-05-12T00:17:29 GST" duration-ms="37059" status="PASS">
          <reporter-output>
          </reporter-output>
        </test-method> <!-- Check24_TestCases_3 -->
        <test-method signature="Check24_TestCases_4()[pri:4, instance:com.check24.selenium.tests.Check24_TestsSuites@3646a422]" started-at="2022-05-12T00:17:29 GST" name="Check24_TestCases_4" finished-at="2022-05-12T00:18:06 GST" duration-ms="36730" status="PASS">
          <reporter-output>
          </reporter-output>
        </test-method> <!-- Check24_TestCases_4 -->
        <test-method is-config="true" signature="beforeTestMethod(java.lang.reflect.Method)[pri:0, instance:com.check24.selenium.tests.Check24_TestsSuites@3646a422]" started-at="2022-05-12T00:17:29 GST" name="beforeTestMethod" finished-at="2022-05-12T00:17:29 GST" duration-ms="0" status="PASS">
          <params>
            <param index="0">
              <value>
                <![CDATA[public static void com.check24.selenium.tests.Check24_TestsSuites.Check24_TestCases_3() throws java.lang.Exception]]>
              </value>
            </param>
          </params>
          <reporter-output>
          </reporter-output>
        </test-method> <!-- beforeTestMethod -->
        <test-method is-config="true" signature="beforeTestMethod(java.lang.reflect.Method)[pri:0, instance:com.check24.selenium.tests.Check24_TestsSuites@3646a422]" started-at="2022-05-12T00:18:06 GST" name="beforeTestMethod" finished-at="2022-05-12T00:18:06 GST" duration-ms="0" status="PASS">
          <params>
            <param index="0">
              <value>
                <![CDATA[public static void com.check24.selenium.tests.Check24_TestsSuites.Check24_TestCases_4() throws java.lang.Exception]]>
              </value>
            </param>
          </params>
          <reporter-output>
          </reporter-output>
        </test-method> <!-- beforeTestMethod -->
        <test-method signature="Check24_TestCases_5()[pri:5, instance:com.check24.selenium.tests.Check24_TestsSuites@3646a422]" started-at="2022-05-12T00:18:06 GST" name="Check24_TestCases_5" finished-at="2022-05-12T00:18:40 GST" duration-ms="33738" status="PASS">
          <reporter-output>
          </reporter-output>
        </test-method> <!-- Check24_TestCases_5 -->
        <test-method is-config="true" signature="beforeTestMethod(java.lang.reflect.Method)[pri:0, instance:com.check24.selenium.tests.Check24_TestsSuites@3646a422]" started-at="2022-05-12T00:18:40 GST" name="beforeTestMethod" finished-at="2022-05-12T00:18:40 GST" duration-ms="0" status="PASS">
          <params>
            <param index="0">
              <value>
                <![CDATA[public static void com.check24.selenium.tests.Check24_TestsSuites.Check24_TestCases_5() throws java.lang.Exception]]>
              </value>
            </param>
          </params>
          <reporter-output>
          </reporter-output>
        </test-method> <!-- beforeTestMethod -->
        <test-method signature="Check24_TestCases_6()[pri:6, instance:com.check24.selenium.tests.Check24_TestsSuites@3646a422]" started-at="2022-05-12T00:18:40 GST" name="Check24_TestCases_6" finished-at="2022-05-12T00:19:14 GST" duration-ms="33772" status="PASS">
          <reporter-output>
          </reporter-output>
        </test-method> <!-- Check24_TestCases_6 -->
        <test-method is-config="true" signature="beforeTestMethod(java.lang.reflect.Method)[pri:0, instance:com.check24.selenium.tests.Check24_TestsSuites@3646a422]" started-at="2022-05-12T00:19:14 GST" name="beforeTestMethod" finished-at="2022-05-12T00:19:14 GST" duration-ms="1" status="PASS">
          <params>
            <param index="0">
              <value>
                <![CDATA[public static void com.check24.selenium.tests.Check24_TestsSuites.Check24_TestCases_6() throws java.lang.Exception]]>
              </value>
            </param>
          </params>
          <reporter-output>
          </reporter-output>
        </test-method> <!-- beforeTestMethod -->
        <test-method signature="Check24_TestCases_7()[pri:7, instance:com.check24.selenium.tests.Check24_TestsSuites@3646a422]" started-at="2022-05-12T00:19:14 GST" name="Check24_TestCases_7" finished-at="2022-05-12T00:19:46 GST" duration-ms="32097" status="PASS">
          <reporter-output>
          </reporter-output>
        </test-method> <!-- Check24_TestCases_7 -->
        <test-method is-config="true" signature="beforeTestMethod(java.lang.reflect.Method)[pri:0, instance:com.check24.selenium.tests.Check24_TestsSuites@3646a422]" started-at="2022-05-12T00:19:46 GST" name="beforeTestMethod" finished-at="2022-05-12T00:19:46 GST" duration-ms="1" status="PASS">
          <params>
            <param index="0">
              <value>
                <![CDATA[public static void com.check24.selenium.tests.Check24_TestsSuites.Check24_TestCases_7() throws java.lang.Exception]]>
              </value>
            </param>
          </params>
          <reporter-output>
          </reporter-output>
        </test-method> <!-- beforeTestMethod -->
        <test-method signature="Check24_TestCases_8()[pri:8, instance:com.check24.selenium.tests.Check24_TestsSuites@3646a422]" started-at="2022-05-12T00:19:46 GST" name="Check24_TestCases_8" finished-at="2022-05-12T00:20:29 GST" duration-ms="43008" status="PASS">
          <reporter-output>
          </reporter-output>
        </test-method> <!-- Check24_TestCases_8 -->
        <test-method is-config="true" signature="beforeTestMethod(java.lang.reflect.Method)[pri:0, instance:com.check24.selenium.tests.Check24_TestsSuites@3646a422]" started-at="2022-05-12T00:20:29 GST" name="beforeTestMethod" finished-at="2022-05-12T00:20:29 GST" duration-ms="1" status="PASS">
          <params>
            <param index="0">
              <value>
                <![CDATA[public static void com.check24.selenium.tests.Check24_TestsSuites.Check24_TestCases_8() throws java.lang.Exception]]>
              </value>
            </param>
          </params>
          <reporter-output>
          </reporter-output>
        </test-method> <!-- beforeTestMethod -->
        <test-method signature="Check24_TestCases_9()[pri:9, instance:com.check24.selenium.tests.Check24_TestsSuites@3646a422]" started-at="2022-05-12T00:20:29 GST" name="Check24_TestCases_9" finished-at="2022-05-12T00:21:12 GST" duration-ms="43186" status="FAIL">
          <exception class="java.lang.AssertionError">
            <message>
              <![CDATA[null]]>
            </message>
            <full-stacktrace>
              <![CDATA[java.lang.AssertionError: null
at org.testng.Assert.fail(Assert.java:99)
at org.testng.Assert.fail(Assert.java:106)
at com.check24.selenium.utils.Utilities.TakeScreenshot(Utilities.java:329)
at com.check24.selenium.tests.Check24_TestsSuites.Check24_TestCases_9(Check24_TestsSuites.java:311)
at java.base/jdk.internal.reflect.NativeMethodAccessorImpl.invoke0(Native Method)
at java.base/jdk.internal.reflect.NativeMethodAccessorImpl.invoke(NativeMethodAccessorImpl.java:78)
at java.base/jdk.internal.reflect.DelegatingMethodAccessorImpl.invoke(DelegatingMethodAccessorImpl.java:43)
at java.base/java.lang.reflect.Method.invoke(Method.java:567)
at org.testng.internal.MethodInvocationHelper.invokeMethod(MethodInvocationHelper.java:133)
at org.testng.internal.TestInvoker.invokeMethod(TestInvoker.java:598)
at org.testng.internal.TestInvoker.invokeTestMethod(TestInvoker.java:173)
at org.testng.internal.MethodRunner.runInSequence(MethodRunner.java:46)
at org.testng.internal.TestInvoker$MethodInvocationAgent.invoke(TestInvoker.java:824)
at org.testng.internal.TestInvoker.invokeTestMethods(TestInvoker.java:146)
at org.testng.internal.TestMethodWorker.invokeTestMethods(TestMethodWorker.java:146)
at org.testng.internal.TestMethodWorker.run(TestMethodWorker.java:128)
at java.base/java.util.ArrayList.forEach(ArrayList.java:1511)
at org.testng.TestRunner.privateRun(TestRunner.java:794)
at org.testng.TestRunner.run(TestRunner.java:596)
at org.testng.SuiteRunner.runTest(SuiteRunner.java:377)
at org.testng.SuiteRunner.runSequentially(SuiteRunner.java:371)
at org.testng.SuiteRunner.privateRun(SuiteRunner.java:332)
at org.testng.SuiteRunner.run(SuiteRunner.java:276)
at org.testng.SuiteRunnerWorker.runSuite(SuiteRunnerWorker.java:53)
at org.testng.SuiteRunnerWorker.run(SuiteRunnerWorker.java:96)
at org.testng.TestNG.runSuitesSequentially(TestNG.java:1212)
at org.testng.TestNG.runSuitesLocally(TestNG.java:1134)
at org.testng.TestNG.runSuites(TestNG.java:1063)
at org.testng.TestNG.run(TestNG.java:1031)
at org.apache.maven.surefire.testng.TestNGExecutor.run(TestNGExecutor.java:324)
at org.apache.maven.surefire.testng.TestNGXmlTestSuite.execute(TestNGXmlTestSuite.java:74)
at org.apache.maven.surefire.testng.TestNGProvider.invoke(TestNGProvider.java:123)
at org.apache.maven.surefire.booter.ForkedBooter.runSuitesInProcess(ForkedBooter.java:456)
at org.apache.maven.surefire.booter.ForkedBooter.execute(ForkedBooter.java:169)
at org.apache.maven.surefire.booter.ForkedBooter.run(ForkedBooter.java:595)
at org.apache.maven.surefire.booter.ForkedBooter.main(ForkedBooter.java:581)
]]>
            </full-stacktrace>
          </exception> <!-- java.lang.AssertionError -->
          <reporter-output>
          </reporter-output>
        </test-method> <!-- Check24_TestCases_9 -->
        <test-method is-config="true" signature="beforeTestMethod(java.lang.reflect.Method)[pri:0, instance:com.check24.selenium.tests.Check24_TestsSuites@3646a422]" started-at="2022-05-12T00:21:12 GST" name="beforeTestMethod" finished-at="2022-05-12T00:21:12 GST" duration-ms="0" status="PASS">
          <params>
            <param index="0">
              <value>
                <![CDATA[public static void com.check24.selenium.tests.Check24_TestsSuites.Check24_TestCases_9() throws java.lang.Exception]]>
              </value>
            </param>
          </params>
          <reporter-output>
          </reporter-output>
        </test-method> <!-- beforeTestMethod -->
        <test-method signature="Check24_TestCases_10()[pri:10, instance:com.check24.selenium.tests.Check24_TestsSuites@3646a422]" started-at="2022-05-12T00:21:12 GST" name="Check24_TestCases_10" finished-at="2022-05-12T00:21:45 GST" duration-ms="32858" status="FAIL">
          <exception class="java.lang.AssertionError">
            <message>
              <![CDATA[null]]>
            </message>
            <full-stacktrace>
              <![CDATA[java.lang.AssertionError: null
at org.testng.Assert.fail(Assert.java:99)
at org.testng.Assert.fail(Assert.java:106)
at com.check24.selenium.utils.Utilities.TakeScreenshot(Utilities.java:329)
at com.check24.selenium.tests.Check24_TestsSuites.Check24_TestCases_10(Check24_TestsSuites.java:341)
at java.base/jdk.internal.reflect.NativeMethodAccessorImpl.invoke0(Native Method)
at java.base/jdk.internal.reflect.NativeMethodAccessorImpl.invoke(NativeMethodAccessorImpl.java:78)
at java.base/jdk.internal.reflect.DelegatingMethodAccessorImpl.invoke(DelegatingMethodAccessorImpl.java:43)
at java.base/java.lang.reflect.Method.invoke(Method.java:567)
at org.testng.internal.MethodInvocationHelper.invokeMethod(MethodInvocationHelper.java:133)
at org.testng.internal.TestInvoker.invokeMethod(TestInvoker.java:598)
at org.testng.internal.TestInvoker.invokeTestMethod(TestInvoker.java:173)
at org.testng.internal.MethodRunner.runInSequence(MethodRunner.java:46)
at org.testng.internal.TestInvoker$MethodInvocationAgent.invoke(TestInvoker.java:824)
at org.testng.internal.TestInvoker.invokeTestMethods(TestInvoker.java:146)
at org.testng.internal.TestMethodWorker.invokeTestMethods(TestMethodWorker.java:146)
at org.testng.internal.TestMethodWorker.run(TestMethodWorker.java:128)
at java.base/java.util.ArrayList.forEach(ArrayList.java:1511)
at org.testng.TestRunner.privateRun(TestRunner.java:794)
at org.testng.TestRunner.run(TestRunner.java:596)
at org.testng.SuiteRunner.runTest(SuiteRunner.java:377)
at org.testng.SuiteRunner.runSequentially(SuiteRunner.java:371)
at org.testng.SuiteRunner.privateRun(SuiteRunner.java:332)
at org.testng.SuiteRunner.run(SuiteRunner.java:276)
at org.testng.SuiteRunnerWorker.runSuite(SuiteRunnerWorker.java:53)
at org.testng.SuiteRunnerWorker.run(SuiteRunnerWorker.java:96)
at org.testng.TestNG.runSuitesSequentially(TestNG.java:1212)
at org.testng.TestNG.runSuitesLocally(TestNG.java:1134)
at org.testng.TestNG.runSuites(TestNG.java:1063)
at org.testng.TestNG.run(TestNG.java:1031)
at org.apache.maven.surefire.testng.TestNGExecutor.run(TestNGExecutor.java:324)
at org.apache.maven.surefire.testng.TestNGXmlTestSuite.execute(TestNGXmlTestSuite.java:74)
at org.apache.maven.surefire.testng.TestNGProvider.invoke(TestNGProvider.java:123)
at org.apache.maven.surefire.booter.ForkedBooter.runSuitesInProcess(ForkedBooter.java:456)
at org.apache.maven.surefire.booter.ForkedBooter.execute(ForkedBooter.java:169)
at org.apache.maven.surefire.booter.ForkedBooter.run(ForkedBooter.java:595)
at org.apache.maven.surefire.booter.ForkedBooter.main(ForkedBooter.java:581)
]]>
            </full-stacktrace>
          </exception> <!-- java.lang.AssertionError -->
          <reporter-output>
          </reporter-output>
        </test-method> <!-- Check24_TestCases_10 -->
        <test-method is-config="true" signature="beforeTestMethod(java.lang.reflect.Method)[pri:0, instance:com.check24.selenium.tests.Check24_TestsSuites@3646a422]" started-at="2022-05-12T00:21:45 GST" name="beforeTestMethod" finished-at="2022-05-12T00:21:45 GST" duration-ms="1" status="PASS">
          <params>
            <param index="0">
              <value>
                <![CDATA[public static void com.check24.selenium.tests.Check24_TestsSuites.Check24_TestCases_10() throws java.lang.Exception]]>
              </value>
            </param>
          </params>
          <reporter-output>
          </reporter-output>
        </test-method> <!-- beforeTestMethod -->
        <test-method is-config="true" signature="AfterSuite()[pri:0, instance:com.check24.selenium.tests.Check24_TestsSuites@3646a422]" started-at="2022-05-12T00:21:45 GST" name="AfterSuite" finished-at="2022-05-12T00:21:45 GST" duration-ms="477" status="PASS">
          <reporter-output>
          </reporter-output>
        </test-method> <!-- AfterSuite -->
      </class> <!-- com.check24.selenium.tests.Check24_TestsSuites -->
    </test> <!-- Check24Test -->
  </suite> <!-- Check24Suite -->
</testng-results>
