<?xml version="1.0" encoding="UTF-8"?>
<!-- Generated by org.testng.reporters.JUnitXMLReporter -->
<testsuite ignored="0" hostname="DEV-NANO1" failures="2" tests="10" name="Check24Test" time="363.975" errors="0" timestamp="2022-05-12T00:21:45 GST">
  <testcase classname="com.check24.selenium.tests.Check24_TestsSuites" name="Check24_TestCases_1" time="36.905"/>
  <testcase classname="com.check24.selenium.tests.Check24_TestsSuites" name="Check24_TestCases_2" time="34.573"/>
  <testcase classname="com.check24.selenium.tests.Check24_TestsSuites" name="Check24_TestCases_3" time="37.059"/>
  <testcase classname="com.check24.selenium.tests.Check24_TestsSuites" name="Check24_TestCases_4" time="36.73"/>
  <testcase classname="com.check24.selenium.tests.Check24_TestsSuites" name="Check24_TestCases_5" time="33.738"/>
  <testcase classname="com.check24.selenium.tests.Check24_TestsSuites" name="Check24_TestCases_6" time="33.772"/>
  <testcase classname="com.check24.selenium.tests.Check24_TestsSuites" name="Check24_TestCases_7" time="32.097"/>
  <testcase classname="com.check24.selenium.tests.Check24_TestsSuites" name="Check24_TestCases_8" time="43.008"/>
  <testcase classname="com.check24.selenium.tests.Check24_TestsSuites" name="Check24_TestCases_9" time="43.186">
    <failure type="java.lang.AssertionError" message="null">
      <![CDATA[java.lang.AssertionError: null
at com.check24.selenium.utils.Utilities.TakeScreenshot(Utilities.java:329)
at com.check24.selenium.tests.Check24_TestsSuites.Check24_TestCases_9(Check24_TestsSuites.java:311)
at java.base/java.util.ArrayList.forEach(ArrayList.java:1511)
... Removed 33 stack frames]]>
    </failure>
  </testcase> <!-- Check24_TestCases_9 -->
  <testcase classname="com.check24.selenium.tests.Check24_TestsSuites" name="Check24_TestCases_10" time="32.858">
    <failure type="java.lang.AssertionError" message="null">
      <![CDATA[java.lang.AssertionError: null
at com.check24.selenium.utils.Utilities.TakeScreenshot(Utilities.java:329)
at com.check24.selenium.tests.Check24_TestsSuites.Check24_TestCases_10(Check24_TestsSuites.java:341)
at java.base/java.util.ArrayList.forEach(ArrayList.java:1511)
... Removed 33 stack frames]]>
    </failure>
  </testcase> <!-- Check24_TestCases_10 -->
</testsuite> <!-- Check24Test -->
